<?xml version="1.0" encoding="UTF-8"?>
<testsuite name="oop.practical.blackjack.solution.CommandsTests$DoubleDownTests" tests="1" skipped="0" failures="0" errors="0" timestamp="2024-03-26T15:09:38" hostname="Elite.local" time="0.005">
  <properties/>
  <testcase name="[1] Resolved Early, (deal :2S :10H :AC :7D :6S)&#10;(double-down)&#10;, Deck: (empty)&#10;Player (19): 2S, AC, 6S (won)&#10;Dealer (17): 10H, 7D (lost)&#10;" classname="oop.practical.blackjack.solution.CommandsTests$DoubleDownTests" time="0.005"/>
  <system-out><![CDATA[]]></system-out>
  <system-err><![CDATA[]]></system-err>
</testsuite>
